============================================
  TÜM BÖLÜMLER QA KONTROLÜ
  Dizin: POMPOM_HILLS_PRODUCTION/02_WORLDS/*/04_EPISODE_PACKAGES/
============================================

✅ ART_CORNER/S01E17_PAINTING_DAY
✅ BUTTERFLY_MEADOW/S01E15_BUTTERFLY_JOURNEY
❌ CENTRAL_SQUARE/OPA_STORYTIME_EP04_THE_SLEEPY_LEAF
     ❌ Character Presence eksik
     ❌        3 dosyada close-up var
     ❌ 2 hata bulundu
✅ CENTRAL_SQUARE/S01E01_HELLO_POMPOM_HILLS
✅ CENTRAL_SQUARE/S01E05_COLOURS_EVERYWHERE  (⚠️  uyarılar var)
     ⚠️  Overview'da shot sayısı belirtilmemiş
✅ CENTRAL_SQUARE/S01E08_BUILDING_TOGETHER  (⚠️  uyarılar var)
     ⚠️  Shot'lar arası Time of Day tutarsız (2 farklı değer):
     ⚠️  1 uyarı
✅ CENTRAL_SQUARE/S01E10_MY_TURN_YOUR_TURN
✅ CENTRAL_SQUARE/S01E23_STARLIGHT_NIGHT
✅ CENTRAL_SQUARE/S01E26_GOODBYE_SEE_YOU_SOON
✅ CLOUD_HILL/S01E13_WHERE_DOES_RAIN_COME_FROM
✅ FLOWER_HILL/S01E02_BOUNCE_BOUNCE_KIKO  (⚠️  uyarılar var)
     ⚠️  Overview'da shot sayısı belirtilmemiş
✅ FLOWER_HILL/S01E04_MIMIS_BIG_YAWN  (⚠️  uyarılar var)
     ⚠️  Overview'da shot sayısı belirtilmemiş
❌ KIKOS_HOME/OPA_STORYTIME_EP02_THE_LITTLE_SEED_THAT_LISTENED
     ❌ Character Presence eksik
     ❌        4 dosyada close-up var
     ❌ 2 hata bulundu
✅ KIKOS_HOME/S01E02B_KIKOS_HOME_TOUR  (⚠️  uyarılar var)
     ⚠️  Overview'da shot sayısı belirtilmemiş
❌ LEARNING_ROOM/OPA_STORYTIME_EP01_THE_LITTLE_CLOUD_THAT_WAITED
     ❌ Character Presence eksik
     ❌        3 dosyada close-up var
     ❌ 2 hata bulundu
❌ LEARNING_ROOM/OPA_STORYTIME_EP05_THE_QUIET_BIRD
     ❌ Character Presence eksik
     ❌        4 dosyada close-up var
     ❌ 2 hata bulundu
✅ LITTLE_FOREST/S01E06_THE_SOFT_WIND  (⚠️  uyarılar var)
     ⚠️  Overview'da shot sayısı belirtilmemiş
✅ LITTLE_FOREST/S01E12_WHY_DO_LEAVES_FALL
✅ LITTLE_FOREST/S01E16_THE_SHY_SQUIRREL
✅ LITTLE_FOREST/S01E19_THE_QUIET_CAT
✅ MUSIC_HILL/S01E24_MUSIC_TREES
❌ OPA_TREE/OPA_STORYTIME_EP03_THE_STAR_THAT_SHARED_ITS_LIGHT
     ❌ Character Presence eksik
     ❌        2 dosyada close-up var
     ❌ 2 hata bulundu
✅ OPA_TREE/S01E09_THE_QUIET_PLACE  (⚠️  uyarılar var)
     ⚠️  Shot'lar arası Time of Day tutarsız (2 farklı değer):
     ⚠️  1 uyarı
✅ OPA_TREE/S01E11_GOODNIGHT_TREE
✅ OPA_TREE/S01E14_WHAT_STARS_SAY
✅ PAINTING_GARDEN/S01E25_COLORFUL_FLOWERS
✅ RAINBOW_BRIDGE/S01E22_RAINBOW_WISHES
✅ RAINBOW_CREEK/S01E20_THE_STREAM_SINGER
✅ STONE_HILL/S01E07_THE_ROUND_STONE
✅ STONE_HILL/S01E21_THE_CRYSTAL_CAVE
✅ TILLOS_GARDEN/S01E03_THE_LITTLE_FLOWER  (⚠️  uyarılar var)
     ⚠️  Overview'da shot sayısı belirtilmemiş
✅ TILLOS_GARDEN/S01E18_THE_GARDEN_HELPER

============================================
  ÖZET (blocking gate)
============================================
  Toplam: 32 bölüm
  ✅ Geçen: 27
  ❌ Kalan: 5
  ⚠️  Uyarılı geçen: 8
============================================

--- Season 2 Onboarding (bilgilendirme — bloklamaz) ---
⚠️  CENTRAL_SQUARE/ONB_E01_MEET_PIP (taslak — 5 hata)
⚠️  CLOUD_HILL/ONB_E03_MEET_FIFI (taslak — 4 hata)
⚠️  STONE_HILL/ONB_E04_WELCOME_TO_CRYSTAL_CAVE (taslak — 4 hata)
⚠️  TILLOS_GARDEN/ONB_E02_MEET_TILLY (taslak — 5 hata)
============================================
